[INFO ] 2021-12-12 18:19:16.570 [main] Director - creation failed
[INFO ] 2021-12-12 18:19:16.572 [main] Director - successful creation
[ERROR] 2021-12-12 18:19:16.575 [main] Director - DataExeption
com.epam.dao.DataExeption: null
	at com.epam.dao.Director.read(Director.java:30) [classes/:?]
	at com.epam.daoTest.DirectorTest.testReadShouldWrightAboutErrorToLogFileAndThrowExeption(DirectorTest.java:99) [test-classes/:?]
	at jdk.internal.reflect.NativeMethodAccessorImpl.invoke0(Native Method) ~[?:?]
	at jdk.internal.reflect.NativeMethodAccessorImpl.invoke(NativeMethodAccessorImpl.java:62) ~[?:?]
	at jdk.internal.reflect.DelegatingMethodAccessorImpl.invoke(DelegatingMethodAccessorImpl.java:43) ~[?:?]
	at java.lang.reflect.Method.invoke(Method.java:566) ~[?:?]
	at org.junit.runners.model.FrameworkMethod$1.runReflectiveCall(FrameworkMethod.java:47) [junit-4.11.jar:?]
	at org.junit.internal.runners.model.ReflectiveCallable.run(ReflectiveCallable.java:12) [junit-4.11.jar:?]
	at org.junit.runners.model.FrameworkMethod.invokeExplosively(FrameworkMethod.java:44) [junit-4.11.jar:?]
	at org.junit.internal.runners.statements.InvokeMethod.evaluate(InvokeMethod.java:17) [junit-4.11.jar:?]
	at org.junit.internal.runners.statements.ExpectException.evaluate(ExpectException.java:19) [junit-4.11.jar:?]
	at org.junit.runners.ParentRunner.runLeaf(ParentRunner.java:271) [junit-4.11.jar:?]
	at org.junit.runners.BlockJUnit4ClassRunner.runChild(BlockJUnit4ClassRunner.java:70) [junit-4.11.jar:?]
	at org.junit.runners.BlockJUnit4ClassRunner.runChild(BlockJUnit4ClassRunner.java:50) [junit-4.11.jar:?]
	at org.junit.runners.ParentRunner$3.run(ParentRunner.java:238) [junit-4.11.jar:?]
	at org.junit.runners.ParentRunner$1.schedule(ParentRunner.java:63) [junit-4.11.jar:?]
	at org.junit.runners.ParentRunner.runChildren(ParentRunner.java:236) [junit-4.11.jar:?]
	at org.junit.runners.ParentRunner.access$000(ParentRunner.java:53) [junit-4.11.jar:?]
	at org.junit.runners.ParentRunner$2.evaluate(ParentRunner.java:229) [junit-4.11.jar:?]
	at org.junit.runners.ParentRunner.run(ParentRunner.java:309) [junit-4.11.jar:?]
	at org.eclipse.jdt.internal.junit4.runner.JUnit4TestReference.run(JUnit4TestReference.java:89) [.cp/:?]
	at org.eclipse.jdt.internal.junit.runner.TestExecution.run(TestExecution.java:40) [.cp/:?]
	at org.eclipse.jdt.internal.junit.runner.RemoteTestRunner.runTests(RemoteTestRunner.java:529) [.cp/:?]
	at org.eclipse.jdt.internal.junit.runner.RemoteTestRunner.runTests(RemoteTestRunner.java:756) [.cp/:?]
	at org.eclipse.jdt.internal.junit.runner.RemoteTestRunner.run(RemoteTestRunner.java:452) [.cp/:?]
	at org.eclipse.jdt.internal.junit.runner.RemoteTestRunner.main(RemoteTestRunner.java:210) [.cp/:?]
[INFO ] 2021-12-12 18:19:16.590 [main] Director - successful creation
